<?xml version="1.0" encoding="UTF-8"?>
<!-- Generated by org.testng.reporters.JUnitReportReporter -->
<testsuite hostname="DESKTOP-35NB1NJ" failures="0" tests="2" name="qaclickacademy.SeleniumTest" time="0.010" errors="0" timestamp="2023-01-07T23:00:03 IST" skipped="0">
  <testcase classname="qaclickacademy.SeleniumTest" name="elementsUi" time="0.001"/>
  <system-out/>
  <testcase classname="qaclickacademy.SeleniumTest" name="BrowserAutomation" time="0.009"/>
  <system-out/>
</testsuite> <!-- qaclickacademy.SeleniumTest -->
